<?xml version="1.0" encoding="UTF-8"?>
<project xmlns="http://maven.apache.org/POM/4.0.0" xmlns:xsi="http://www.w3.org/2001/XMLSchema-instance"
    xsi:schemaLocation="http://maven.apache.org/POM/4.0.0 http://maven.apache.org/maven-v4_0_0.xsd">

    <!-- Model Version -->
    <modelVersion>4.0.0</modelVersion>

    <!-- Artifact Configuration -->
    <groupId>org.jboss.shrinkwrap.test</groupId>
    <artifactId>test-dependency-management-transitive</artifactId>
    <version>1.0.0</version>
    <packaging>pom</packaging>

    <dependencyManagement>
        <dependencies>
            <dependency>
                <groupId>org.jboss.shrinkwrap.test</groupId>
                <artifactId>test-deps-b</artifactId>
                <version>2.0.0</version>
            </dependency>
        </dependencies>
    </dependencyManagement>


    <dependencies>
        <dependency>
            <groupId>org.jboss.shrinkwrap.test</groupId>
            <artifactId>test-deps-c</artifactId>
            <version>1.0.0</version>
        </dependency>
    </dependencies>

    <build>
    </build>

</project>